make all --print-data-base --no-builtin-variables --no-builtin-rules --question
make: *** No rule to make target 'ctfs.so', needed by 'all'.  Stop.

# GNU Make 4.2.1
# Built for x86_64-pc-linux-gnu
# Copyright (C) 1988-2016 Free Software Foundation, Inc.
# License GPLv3+: GNU GPL version 3 or later <http://gnu.org/licenses/gpl.html>
# This is free software: you are free to change and redistribute it.
# There is NO WARRANTY, to the extent permitted by law.

# Make data base, printed on Mon Apr 17 12:00:49 2023

# Variables

# automatic
<D = $(patsubst %/,%,$(dir $<))
# automatic
?F = $(notdir $?)
# default
.SHELLFLAGS := -c
# environment
XDG_SESSION_CLASS = user
# environment
VSCODE_AGENT_FOLDER = /home/dingbo/.vscode-server
# environment
XDG_SESSION_TYPE = tty
# automatic
?D = $(patsubst %/,%,$(dir $?))
# automatic
@D = $(patsubst %/,%,$(dir $@))
# automatic
@F = $(notdir $@)
# default
MAKE_VERSION := 4.2.1
# makefile
CURDIR := /home/dingbo/ctFS_qemu
# makefile
SHELL = /bin/sh
# environment
VSCODE_NLS_CONFIG = {"locale":"en","osLocale":"en","availableLanguages":{}}
# environment
_ = /home/dingbo/.vscode-server/bin/704ed70d4fd1c6bd6342c436f1ede30d1cff4710/node
# makefile (from 'Makefile', line 1)
CFLAGS = -O0 -g -fPIC -mclwb -mclflushopt -Wall -pthread -mavx512f 
# makefile (from 'Makefile', line 1)
MAKEFILE_LIST :=  Makefile
# makefile (from 'Makefile', line 3)
GCC = gcc
# 'override' directive
GNUMAKEFLAGS := 
# environment
MAKELEVEL := 0
# environment
DBUS_SESSION_BUS_ADDRESS = unix:path=/run/user/1000/bus
# environment
LC_NAME = zh_CN.UTF-8
# environment
VSCODE_CWD = /home/dingbo
# environment
SSH_CONNECTION = 10.0.2.2 44732 10.0.2.15 22
# environment
PATH = /home/dingbo/.vscode-server/bin/704ed70d4fd1c6bd6342c436f1ede30d1cff4710/bin/remote-cli:/usr/local/sbin:/usr/local/bin:/usr/sbin:/usr/bin:/sbin:/bin:/usr/games:/usr/local/games:/snap/bin
# environment
LSCOLORS = Gxfxcxdxbxegedabagacad
# environment
XDG_RUNTIME_DIR = /run/user/1000
# environment
ELECTRON_RUN_AS_NODE = 1
# environment
VSCODE_IPC_HOOK_CLI = /run/user/1000/vscode-ipc-da4f29b5-be25-4ada-a206-e1c382632ab4.sock
 
# default
.FEATURES := target-specific order-only second-expansion else-if shortest-stem undefine oneshell archives jobserver output-sync check-symlink load
# environment
LS_COLORS = 
# automatic
%F = $(notdir $%)
# environment
PWD = /home/dingbo/ctFS_qemu
# default
.LOADED := 
# automatic
*D = $(patsubst %/,%,$(dir $*))
# environment
VSCODE_AMD_ENTRYPOINT = vs/workbench/api/node/extensionHostProcess
# environment
HOME = /home/dingbo
# environment
LOGNAME = dingbo
# environment
APPLICATION_INSIGHTS_NO_DIAGNOSTIC_CHANNEL = 1
# automatic
+F = $(notdir $+)
# environment
ZSH = /home/dingbo/.oh-my-zsh
# environment
VSCODE_HANDLES_UNCAUGHT_ERRORS = true
# automatic
^D = $(patsubst %/,%,$(dir $^))
# environment
LC_TIME = zh_CN.UTF-8
# default
MAKE = $(MAKE_COMMAND)
# default
MAKECMDGOALS := all
# environment
SHLVL = 0
# environment
XDG_SESSION_ID = 4
# environment
USER = dingbo
# environment
LC_MONETARY = zh_CN.UTF-8
# makefile
.DEFAULT_GOAL := default
# environment
LESS = -R
# automatic
%D = $(patsubst %/,%,$(dir $%))
# environment
LC_TELEPHONE = zh_CN.UTF-8
# default
MAKE_COMMAND := make
# environment
OLDPWD = /home/dingbo
# default
.VARIABLES := 
# automatic
*F = $(notdir $*)
# makefile
MAKEFLAGS = pqrR
# environment
MFLAGS = -pqrR
# environment
SSH_CLIENT = 10.0.2.2 44732 22
# automatic
 
+D = $(patsubst %/,%,$(dir $+))
# environment
BROWSER = /home/dingbo/.vscode-server/bin/704ed70d4fd1c6bd6342c436f1ede30d1cff4710/bin/helpers/browser.sh
# environment
VSCODE_HANDLES_SIGPIPE = true
# default
MAKEFILES := 
# environment
LC_NUMERIC = zh_CN.UTF-8
# automatic
<F = $(notdir $<)
# automatic
^F = $(notdir $^)
# environment
LC_MEASUREMENT = zh_CN.UTF-8
# environment
PAGER = less
# environment
LC_ALL = C
# environment
LC_PAPER = zh_CN.UTF-8
# default
SUFFIXES := 
# default
.INCLUDE_DIRS = /usr/include /usr/local/include /usr/include
# environment
LC_IDENTIFICATION = zh_CN.UTF-8
# default
.RECIPEPREFIX := 
# environment
LC_ADDRESS = zh_CN.UTF-8
# default
MAKE_HOST := x86_64-pc-linux-gnu
# environment
LANG = C
# environment
MOTD_SHOWN = pam
# variable set hash-table stats:
# Load=79/1024=8%, Rehash=0, Collisions=14/104=13%

# Pattern-specific Variable Values

# No pattern-specific variable values.

# Directories

# . (device 2053, inode 1441801): 39 files, no impossibilities.

# 39 files, no impossibilities in 1 directories.

# Implicit Rules

# No implicit rules.

# Files

mpfs: mpfs_main_task.c mpfs_main_task.h
#  Implicit rule search has not been done.
#  Modification time never checked.
#  File has not been updated.
#  recipe to execute (from 'Makefile', line 47):
	$(GCC) $(CFLAGS) mpfs_main_task.c bld/ctfs.a -o main_task

# Not a target:
ctfs_pgg.c:
#  Implicit rule search has not been done.
#  Modification time never checked.
#  File has not been updated.

ctfs_bitmap.o: ctfs_bitmap.c
#  Implicit rule search has not been done.
#  Modification time never checked.
#  File has not been updated.
#  recipe to execute (from 'Makefile', line 20):
	$(GCC) -c $(CFLAGS) ctfs_bitmap.c -o bld/ctfs_bitmap.o

# Not a target:
ctfs_func.c:
#  Implicit rule search has not been done.
#  Modification time never checked.
#  File has not been updated.

# Not a target:
ctfs.so:
#  Implicit rule search has been done.
#  File does not exist.
#  File has not been updated.

ctfs_func2.o: ctfs_func2.c
#  Implicit rule search has not been done.
#  Modification time never checked.
#  File has not been updated.
#  recipe to execute (from 'Makefile', line 26):
	$(GCC) -c $(CFLAGS) ctfs_func2.c -o bld/ctfs_func2.o
	

all: ctfs.so mkfs
#  Command line target.
#  Implicit rule search has been done.
#  File does not exist.
#  File has not been updated.

# Not a target:
ctfs_runtime.c:
#  Implicit rule search has not been done.
#  Modification time never checked.
#  File has not been updated.

.PHONY: default
#  Implicit rule search has not been done.
#  Modification time never checked.
#  File has not been updated.

libctfs.so: ctfs.a ctfs_wrapper.c ffile.o
#  Implicit rule search has not been done.
#  Modification time never checked.
#  File has not been updated.
#  recipe to execute (from 'Makefile', line 11):
	$(GCC) -shared $(CFLAGS) -o bld/libctfs.so ctfs_wrapper.c bld/ctfs.a bld/ffile.o -ldl

# Not a target:
Makefile:
#  Implicit rule search has been done.
#  Last modified 2023-04-17 12:00:38.514831398
#  File has been updated.
#  Successfully updated.

# Not a target:
glibc/ffile.c:
#  Implicit rule search has not been done.
#  Modification time never checked.
#  File has not been updated.

# Not a target:
mpfs_main_task.c:
#  Implicit rule search has not been done.
#  Modification time never checked.
#  File has not been updated.

# Not a target:
ctfs_bitmap.c:
#  Implicit rule search has not been done.
#  Modification time never checked.
#  File has not been updated.

# Not a target:
ctfs_inode.c:
#  Implicit rule search has not been done.
#  Modification time never checked.
#  File has not been updated.

# Not a target:
ctfs_func2.c:
#  Implicit rule search has not been done.
#  Modification time never checked.
#  File has not been updated.

lib_dax.o: lib_dax.c
#  Implicit rule search has not been done.
#  Modification time never checked.
#  File has not been updated.
#  recipe to execute (from 'Makefile', line 38):
	$(GCC) -c $(CFLAGS) lib_dax.c -o bld/lib_dax.o

default: libctfs.so mpfs
#  Phony target (prerequisite of .PHONY).
#  Implicit rule search has not been done.
#  File does not exist.
#  File has not been updated.

# Not a target:
mpfs_main_task.h:
#  Implicit rule search has not been done.
#  Modification time never checked.
#  File has not been updated.

ctfs_cpy.o: ctfs_cpy.c
#  Implicit rule search has not been done.
#  Modification time never checked.
#  File has not been updated.
#  recipe to execute (from 'Makefile', line 41):
	$(GCC) -c ctfs_cpy.c -g -mclwb -Wall -pthread -mavx512f -o bld/ctfs_cpy.o

ctfs_inode.o: ctfs_inode.c
#  Implicit rule search has not been done.
#  Modification time never checked.
#  File has not been updated.
#  recipe to execute (from 'Makefile', line 29):
	$(GCC) -c $(CFLAGS) ctfs_inode.c -o bld/ctfs_inode.o

# Not a target:
.DEFAULT:
#  Implicit rule search has not been done.
#  Modification time never checked.
#  File has not been updated.

mkfs: ctfs.a
#  Implicit rule search has not been done.
#  Modification time never checked.
#  File has not been updated.
#  recipe to execute (from 'Makefile', line 17):
	cd test && $(MAKE)

ctfs_pgg.o: ctfs_pgg.c
#  Implicit rule search has not been done.
#  Modification time never checked.
#  File has not been updated.
#  recipe to execute (from 'Makefile', line 32):
	$(GCC) -c $(CFLAGS) ctfs_pgg.c -o bld/ctfs_pgg.o

clean:
#  Implicit rule search has not been done.
#  Modification time never checked.
#  File has not been updated.
#  recipe to execute (from 'Makefile', line 50):
	rm -r bld/*

ctfs_func.o: ctfs_func.c
#  Implicit rule search has not been done.
#  Modification time never checked.
#  File has not been updated.
#  recipe to execute (from 'Makefile', line 23):
	$(GCC) -c $(CFLAGS) ctfs_func.c -o bld/ctfs_func.o

# Not a target:
ctfs_wrapper.c:
#  Implicit rule search has not been done.
#  Modification time never checked.
#  File has not been updated.

ctfs_runtime.o: ctfs_runtime.c
#  Implicit rule search has not been done.
#  Modification time never checked.
#  File has not been updated.
#  recipe to execute (from 'Makefile', line 35):
	$(GCC) -c $(CFLAGS) ctfs_runtime.c -o bld/ctfs_runtime.o

ctfs.a: ctfs_bitmap.o ctfs_func.o ctfs_inode.o ctfs_pgg.o ctfs_runtime.o lib_dax.o ctfs_cpy.o ctfs_func2.o
#  Implicit rule search has not been done.
#  Modification time never checked.
#  File has not been updated.
#  recipe to execute (from 'Makefile', line 14):
	ar cru bld/ctfs.a bld/ctfs_bitmap.o bld/ctfs_func.o bld/ctfs_inode.o bld/ctfs_pgg.o bld/ctfs_runtime.o bld/lib_dax.o bld/ctfs_cpy.o bld/ctfs_func2.o

# Not a target:
lib_dax.c:
#  Implicit rule search has not been done.
#  Modification time never checked.
#  File has not been updated.

ffile.o: glibc/ffile.c
#  Implicit rule search has not been done.
#  Modification time never checked.
#  File has not been updated.
#  recipe to execute (from 'Makefile', line 44):
	cd glibc && $(MAKE)

# Not a target:
ctfs_cpy.c:
#  Implicit rule search has not been done.
#  Modification time never checked.
#  File has not been updated.

# files hash-table stats:
# Load=33/1024=3%, Rehash=0, Collisions=4/86=5%
# VPATH Search Paths

# No 'vpath' search paths.

# No general ('VPATH' variable) search path.

# strcache buffers: 1 (0) / strings = 62 / storage = 645 B / avg = 10 B
# current buf: size = 8162 B / used = 645 B / count = 62 / avg = 10 B

# strcache performance: lookups = 110 / hit rate = 43%
# hash-table stats:
# Load=62/8192=1%, Rehash=0, Collisions=1/110=1%
# Finished Make data base on Mon Apr 17 12:00:49 2023

 
